2026-06-28 19:35:01,861 | INFO | Loading Dataset
2026-06-28 19:40:23,225 | INFO | Loading Dataset
2026-06-28 19:42:51,047 | INFO | Dataset Loaded Successfully : (541909, 8)
2026-06-28 19:42:51,051 | INFO | Checking Required Columns
2026-06-28 19:42:51,417 | INFO | Column Validation Passed
2026-06-28 19:42:51,417 | INFO | Checking Missing Values
2026-06-28 19:42:51,684 | INFO | 
InvoiceNo           0
StockCode           0
Description      1454
Quantity            0
InvoiceDate         0
UnitPrice           0
CustomerID     135080
Country             0
dtype: int64
2026-06-28 19:42:51,684 | INFO | Checking Duplicate Rows
2026-06-28 19:42:52,725 | INFO | Duplicate Rows : 5268
2026-06-28 19:42:52,726 | INFO | Checking Negative Quantity and UnitPrice
2026-06-28 19:42:52,760 | INFO | Negative Quantity : 10624
2026-06-28 19:42:52,760 | INFO | Negative Price : 2517
2026-06-28 19:42:52,761 | INFO | Validation Completed Successfully
2026-06-28 19:54:12,462 | INFO | Loading Dataset
2026-06-28 19:56:17,630 | INFO | Dataset Loaded Successfully : (541909, 8)
2026-06-28 19:56:17,630 | INFO | Checking Required Columns
2026-06-28 19:56:17,717 | INFO | Column Validation Passed
2026-06-28 19:56:17,718 | INFO | Checking Missing Values
2026-06-28 19:56:17,851 | INFO | 
InvoiceNo           0
StockCode           0
Description      1454
Quantity            0
InvoiceDate         0
UnitPrice           0
CustomerID     135080
Country             0
dtype: int64
2026-06-28 19:56:17,851 | INFO | Checking Duplicate Rows
2026-06-28 19:56:18,384 | INFO | Duplicate Rows : 5268
2026-06-28 19:56:18,384 | INFO | Checking Negative Quantity and UnitPrice
2026-06-28 19:56:18,402 | INFO | Negative Quantity : 10624
2026-06-28 19:56:18,402 | INFO | Negative Price : 2517
2026-06-28 19:56:18,402 | INFO | Validation Completed Successfully
2026-06-28 20:00:06,833 | INFO | Loading Dataset
2026-06-28 20:02:15,139 | INFO | Dataset Loaded Successfully : (541909, 8)
2026-06-28 20:02:15,140 | INFO | Checking Required Columns
2026-06-28 20:02:15,216 | INFO | Column Validation Passed
2026-06-28 20:02:15,216 | INFO | Checking Missing Values
2026-06-28 20:02:15,360 | INFO | 
InvoiceNo           0
StockCode           0
Description      1454
Quantity            0
InvoiceDate         0
UnitPrice           0
CustomerID     135080
Country             0
dtype: int64
2026-06-28 20:02:16,088 | INFO | Checking Duplicate Rows
2026-06-28 20:02:17,011 | INFO | Duplicate Rows : 5268
2026-06-28 20:02:17,011 | INFO | Checking Negative Quantity and UnitPrice
2026-06-28 20:02:17,015 | INFO | Negative Quantity : 10624
2026-06-28 20:02:17,015 | INFO | Negative Price : 2517
2026-06-28 20:02:17,016 | INFO | Validation Completed Successfully
2026-06-28 20:04:36,333 | INFO | Project Started Successfully
2026-06-28 20:05:16,369 | INFO | Loading Dataset
2026-06-28 20:07:26,537 | INFO | Dataset Loaded Successfully : (541909, 8)
2026-06-28 20:07:26,537 | INFO | Checking Required Columns
2026-06-28 20:07:26,538 | INFO | Column Validation Passed
2026-06-28 20:07:26,538 | INFO | Checking Missing Values
2026-06-28 20:07:26,657 | INFO | 
InvoiceNo           0
StockCode           0
Description      1454
Quantity            0
InvoiceDate         0
UnitPrice           0
CustomerID     135080
Country             0
dtype: int64
2026-06-28 20:07:26,897 | INFO | Checking Duplicate Rows
2026-06-28 20:07:27,348 | INFO | Duplicate Rows : 5268
2026-06-28 20:07:27,349 | INFO | Checking Negative Quantity and UnitPrice
2026-06-28 20:07:27,352 | INFO | Negative Quantity : 10624
2026-06-28 20:07:27,352 | INFO | Negative Price : 2517
2026-06-28 20:07:27,352 | INFO | Validation Completed Successfully
2026-06-28 20:18:04,742 | INFO | Loading Dataset
2026-06-28 20:20:17,792 | INFO | Dataset Loaded Successfully : (541909, 8)
2026-06-28 20:20:17,793 | INFO | Checking Required Columns
2026-06-28 20:20:18,023 | INFO | Column Validation Passed
2026-06-28 20:20:18,023 | INFO | Checking Missing Values
2026-06-28 20:20:18,154 | INFO | 
InvoiceNo           0
StockCode           0
Description      1454
Quantity            0
InvoiceDate         0
UnitPrice           0
CustomerID     135080
Country             0
dtype: int64
2026-06-28 20:20:18,154 | INFO | Checking Duplicate Rows
2026-06-28 20:20:18,775 | INFO | Duplicate Rows : 5268
2026-06-28 20:20:18,776 | INFO | Checking Negative Quantity and UnitPrice
2026-06-28 20:20:18,779 | INFO | Negative Quantity : 10624
2026-06-28 20:20:18,780 | INFO | Negative Price : 2517
2026-06-28 20:20:18,780 | INFO | Validation Completed Successfully
2026-06-28 20:30:28,099 | INFO | Loading Dataset
2026-06-28 20:32:33,353 | INFO | Dataset Loaded Successfully : (541909, 8)
2026-06-28 20:32:33,353 | INFO | Checking Required Columns
2026-06-28 20:32:33,354 | INFO | Column Validation Passed
2026-06-28 20:32:33,354 | INFO | Checking Missing Values
2026-06-28 20:32:33,476 | INFO | 
InvoiceNo           0
StockCode           0
Description      1454
Quantity            0
InvoiceDate         0
UnitPrice           0
CustomerID     135080
Country             0
dtype: int64
2026-06-28 20:32:33,477 | INFO | Checking Duplicate Rows
2026-06-28 20:32:33,933 | INFO | Duplicate Rows : 5268
2026-06-28 20:32:33,933 | INFO | Checking Negative Quantity and UnitPrice
2026-06-28 20:32:33,936 | INFO | Negative Quantity : 10624
2026-06-28 20:32:33,936 | INFO | Negative Price : 2517
2026-06-28 20:32:33,936 | INFO | Validation Completed Successfully
2026-06-28 20:37:56,424 | INFO | Loading Dataset
2026-06-28 20:40:01,622 | INFO | Dataset Loaded Successfully : (541909, 8)
2026-06-28 20:40:01,622 | INFO | Checking Required Columns
2026-06-28 20:40:01,622 | INFO | Column Validation Passed
2026-06-28 20:40:01,622 | INFO | Checking Missing Values
2026-06-28 20:40:01,785 | INFO | 
InvoiceNo           0
StockCode           0
Description      1454
Quantity            0
InvoiceDate         0
UnitPrice           0
CustomerID     135080
Country             0
dtype: int64
2026-06-28 20:40:01,785 | INFO | Checking Duplicate Rows
2026-06-28 20:40:02,242 | INFO | Duplicate Rows : 5268
2026-06-28 20:40:02,242 | INFO | Checking Negative Quantity and UnitPrice
2026-06-28 20:40:02,246 | INFO | Negative Quantity : 10624
2026-06-28 20:40:02,246 | INFO | Negative Price : 2517
2026-06-28 20:40:02,246 | INFO | Validation Completed Successfully
2026-06-28 20:42:56,683 | INFO | Loading Dataset
2026-06-28 20:45:07,384 | INFO | Dataset Loaded Successfully : (541909, 8)
2026-06-28 20:45:07,385 | INFO | Checking Required Columns
2026-06-28 20:45:07,472 | INFO | Column Validation Passed
2026-06-28 20:45:07,472 | INFO | Checking Missing Values
2026-06-28 20:45:07,594 | INFO | 
InvoiceNo           0
StockCode           0
Description      1454
Quantity            0
InvoiceDate         0
UnitPrice           0
CustomerID     135080
Country             0
dtype: int64
2026-06-28 20:45:08,051 | INFO | Checking Duplicate Rows
2026-06-28 20:45:08,551 | INFO | Duplicate Rows : 5268
2026-06-28 20:55:29,125 | INFO | Loading Dataset
2026-06-28 20:57:37,153 | INFO | Dataset Loaded Successfully : (541909, 8)
2026-06-28 20:57:37,153 | INFO | Checking Required Columns
2026-06-28 20:57:37,233 | INFO | Column Validation Passed
2026-06-28 20:57:37,233 | INFO | Checking Missing Values
2026-06-28 20:57:37,396 | INFO | 
InvoiceNo           0
StockCode           0
Description      1454
Quantity            0
InvoiceDate         0
UnitPrice           0
CustomerID     135080
Country             0
dtype: int64
2026-06-28 20:58:39,668 | INFO | Loading Dataset
2026-06-28 21:00:50,903 | INFO | Dataset Loaded Successfully : (541909, 8)
2026-06-28 21:00:50,903 | INFO | Checking Required Columns
2026-06-28 21:00:50,969 | INFO | Column Validation Passed
2026-06-28 21:00:50,969 | INFO | Checking Missing Values
2026-06-28 21:00:51,154 | INFO | 
InvoiceNo           0
StockCode           0
Description      1454
Quantity            0
InvoiceDate         0
UnitPrice           0
CustomerID     135080
Country             0
dtype: int64
2026-06-28 21:00:51,431 | INFO | Checking Duplicate Rows
2026-06-28 21:17:38,957 | INFO | Loading Dataset
2026-06-28 21:19:51,843 | INFO | Dataset Loaded Successfully : (541909, 8)
2026-06-28 21:19:51,843 | INFO | Checking Required Columns
2026-06-28 21:19:51,969 | INFO | Column Validation Passed
2026-06-28 21:19:51,969 | INFO | Checking Missing Values
2026-06-28 21:19:52,105 | INFO | 
InvoiceNo           0
StockCode           0
Description      1454
Quantity            0
InvoiceDate         0
UnitPrice           0
CustomerID     135080
Country             0
dtype: int64
2026-06-28 21:19:52,386 | INFO | Checking Duplicate Rows
2026-06-28 21:21:30,693 | INFO | Loading Dataset
2026-06-28 21:23:40,886 | INFO | Dataset Loaded Successfully : (541909, 8)
2026-06-28 21:23:40,887 | INFO | Checking Required Columns
2026-06-28 21:23:40,887 | INFO | Column Validation Passed
2026-06-28 21:23:40,887 | INFO | Checking Missing Values
2026-06-28 21:23:41,004 | INFO | 
InvoiceNo           0
StockCode           0
Description      1454
Quantity            0
InvoiceDate         0
UnitPrice           0
CustomerID     135080
Country             0
dtype: int64
2026-06-28 21:23:41,155 | INFO | Checking Duplicate Rows
2026-06-28 21:23:41,672 | INFO | Duplicate Rows : 5268
2026-06-28 21:23:41,672 | INFO | Checking Negative Quantity and UnitPrice
2026-06-28 21:23:41,896 | INFO | Negative Quantity : 10624
2026-06-28 21:23:41,897 | INFO | Negative Price : 2517
2026-06-28 21:23:41,897 | INFO | Validation Completed Successfully
2026-06-28 21:24:45,532 | INFO | Loading Dataset
2026-06-28 21:26:46,705 | INFO | Dataset Loaded Successfully : (541909, 8)
2026-06-28 21:26:46,747 | INFO | Removing Missing CustomerID
2026-06-28 21:26:46,855 | INFO | Removed 135080 rows
2026-06-28 21:26:46,855 | INFO | Removing Cancelled Orders
2026-06-28 21:26:47,260 | INFO | Removed 8905 cancelled invoices
2026-06-28 21:26:47,260 | INFO | Removing Invalid Quantity
2026-06-28 21:26:47,288 | INFO | Removed 0 rows
2026-06-28 21:26:47,288 | INFO | Removing Invalid UnitPrice
2026-06-28 21:26:47,343 | INFO | Removed 40 rows
2026-06-28 21:26:47,343 | INFO | Converting InvoiceDate
2026-06-28 21:26:47,612 | INFO | Creating TotalPrice Feature
2026-06-28 21:34:46,986 | INFO | Loading Dataset
2026-06-28 21:36:48,581 | INFO | Dataset Loaded Successfully : (541909, 8)
2026-06-28 21:36:48,605 | INFO | Removing Missing CustomerID
2026-06-28 21:36:48,666 | INFO | Removed 135080 rows
2026-06-28 21:36:48,666 | INFO | Removing Cancelled Orders
2026-06-28 21:36:49,054 | INFO | Removed 8905 cancelled invoices
2026-06-28 21:36:49,054 | INFO | Removing Invalid Quantity
2026-06-28 21:36:49,081 | INFO | Removed 0 rows
2026-06-28 21:36:49,081 | INFO | Removing Invalid UnitPrice
2026-06-28 21:36:49,136 | INFO | Removed 40 rows
2026-06-28 21:36:49,136 | INFO | Converting InvoiceDate
2026-06-28 21:36:49,317 | INFO | Creating TotalPrice Feature
2026-06-28 21:41:48,623 | INFO | Loading Dataset
2026-06-28 21:43:52,832 | INFO | Dataset Loaded Successfully : (541909, 8)
2026-06-28 21:43:53,071 | INFO | Removing Missing CustomerID
2026-06-28 21:43:53,863 | INFO | Removed 135080 rows
2026-06-28 21:43:53,864 | INFO | Removing Cancelled Orders
2026-06-28 21:43:54,349 | INFO | Removed 8905 cancelled invoices
2026-06-28 21:43:54,349 | INFO | Removing Invalid Quantity
2026-06-28 21:43:54,377 | INFO | Removed 0 rows
2026-06-28 21:43:54,377 | INFO | Removing Invalid UnitPrice
2026-06-28 21:43:54,432 | INFO | Removed 40 rows
2026-06-28 21:43:54,432 | INFO | Converting InvoiceDate
2026-06-28 21:43:54,734 | INFO | Creating TotalPrice Feature
2026-06-28 21:44:00,220 | INFO | Processed Dataset Saved : retail_clean.csv
2026-06-28 21:44:00,220 | INFO | Preprocessing Completed Successfully
2026-06-28 21:52:38,232 | INFO | Creating RFM Features
2026-06-28 21:52:39,418 | INFO | RFM Created
2026-06-28 21:52:39,419 | INFO | Creating Business Features
2026-06-28 21:52:39,420 | INFO | Scaling Features
2026-06-28 21:52:39,535 | INFO | Scaler Saved
2026-06-28 21:52:39,683 | INFO | Feature Dataset Saved
2026-06-28 22:00:52,139 | INFO | Training KMeans
2026-06-28 22:03:31,022 | INFO | Training KMeans
2026-06-28 22:05:21,056 | INFO | Training Agglomerative
2026-06-28 22:05:50,544 | INFO | Training DBSCAN
2026-06-28 22:06:39,018 | INFO | Best Model Saved
2026-06-28 22:39:25,107 | INFO | Training KMeans
2026-06-28 22:41:36,849 | INFO | Training Agglomerative
2026-06-28 22:42:47,591 | INFO | Training DBSCAN
2026-06-28 23:01:31,947 | INFO | Training KMeans
2026-06-28 23:03:44,040 | INFO | Training Agglomerative
2026-06-28 23:04:29,396 | INFO | Training DBSCAN
2026-06-28 23:05:23,811 | INFO | Best Model Saved
2026-06-28 23:06:35,787 | INFO | Training KMeans
2026-06-28 23:08:13,778 | INFO | Training Agglomerative
2026-06-28 23:09:21,277 | INFO | Training DBSCAN
2026-06-28 23:10:11,709 | INFO | Best Model Saved
