2026-07-04 12:19:41,701 | INFO | Project Started Successfully
2026-07-04 12:19:49,343 | INFO | Creating RFM Features
2026-07-04 12:19:50,781 | INFO | RFM Created
2026-07-04 12:19:51,204 | INFO | Raw RFM dataset saved
2026-07-04 12:19:51,205 | INFO | Creating Business Features
2026-07-04 12:19:51,207 | INFO | Scaling Features
2026-07-04 12:19:51,285 | INFO | Scaler Saved
2026-07-04 12:19:51,345 | INFO | Feature Dataset Saved
2026-07-04 13:11:00,431 | INFO | Project Started Successfully
2026-07-04 13:17:46,925 | INFO | Project Started Successfully
2026-07-04 13:18:30,803 | INFO | Training KMeans
2026-07-04 13:18:39,810 | INFO | KMeans model saved
2026-07-04 13:23:19,963 | INFO | Training Agglomerative
2026-07-04 13:24:20,883 | INFO | Training DBSCAN
2026-07-04 13:24:21,397 | WARNING | DBSCAN produced only one cluster.
2026-07-04 13:24:58,234 | INFO | Best Model Saved
2026-07-04 14:59:41,837 | INFO | Project Started Successfully
2026-07-04 14:59:42,378 | INFO | Starting model retraining...
2026-07-04 15:05:49,276 | INFO | Project Started Successfully
2026-07-04 15:05:49,309 | INFO | Starting model retraining...
2026-07-04 15:07:10,423 | INFO | Project Started Successfully
2026-07-04 15:08:04,348 | INFO | Training KMeans
2026-07-04 15:08:09,516 | INFO | KMeans model saved
2026-07-04 15:11:23,223 | INFO | Training Agglomerative
2026-07-04 15:12:30,752 | INFO | Training DBSCAN
2026-07-04 15:12:30,886 | WARNING | DBSCAN produced only one cluster.
2026-07-04 15:12:58,742 | INFO | Best Model Saved
2026-07-04 15:13:32,140 | INFO | Retraining completed successfully.
2026-07-04 15:39:39,380 | INFO | Project Started Successfully
2026-07-04 15:39:41,479 | INFO | Creating RFM Features
2026-07-04 15:43:28,864 | INFO | Project Started Successfully
2026-07-04 15:43:30,320 | INFO | Creating RFM Features
2026-07-04 15:48:56,937 | INFO | Project Started Successfully
2026-07-04 15:48:59,295 | INFO | Creating RFM Features
2026-07-04 15:49:00,202 | INFO | RFM Created
2026-07-04 15:49:00,203 | INFO | Creating Business Features
2026-07-04 15:49:00,992 | INFO | Raw RFM dataset saved
2026-07-04 15:49:00,993 | INFO | Scaling Features
2026-07-04 15:49:01,194 | INFO | Scaler Saved
2026-07-04 15:49:01,277 | INFO | Feature Dataset Saved
